<?xml version="1.0" encoding="UTF-8"?>
<testng-results skipped="0" failed="0" ignored="0" total="2" passed="2">
  <reporter-output>
  </reporter-output>
  <suite name="Suite" duration-ms="8647" started-at="2019-09-02T17:03:30Z" finished-at="2019-09-02T17:03:39Z">
    <groups>
    </groups>
    <test name="Test" duration-ms="8647" started-at="2019-09-02T17:03:30Z" finished-at="2019-09-02T17:03:39Z">
      <class name="com.rest.servicenow.CreateCR">
        <test-method status="PASS" signature="creatingCR(java.lang.String)[pri:0, instance:com.rest.servicenow.CreateCR@be92ad]" name="creatingCR" duration-ms="5528" started-at="2019-09-02T17:03:30Z" data-provider="getData" finished-at="2019-09-02T17:03:36Z">
          <params>
            <param index="0">
              <value>
                <![CDATA[data1.json]]>
              </value>
            </param>
          </params>
          <reporter-output>
          </reporter-output>
        </test-method> <!-- creatingCR -->
        <test-method status="PASS" signature="creatingCR(java.lang.String)[pri:0, instance:com.rest.servicenow.CreateCR@be92ad]" name="creatingCR" duration-ms="3026" started-at="2019-09-02T17:03:36Z" data-provider="getData" finished-at="2019-09-02T17:03:39Z">
          <params>
            <param index="0">
              <value>
                <![CDATA[data2.json]]>
              </value>
            </param>
          </params>
          <reporter-output>
          </reporter-output>
        </test-method> <!-- creatingCR -->
      </class> <!-- com.rest.servicenow.CreateCR -->
    </test> <!-- Test -->
  </suite> <!-- Suite -->
</testng-results>
